Using pre-set license

 COMMAND LINE ARGUMENTS:
/Applications/Unity/Hub/Editor/2020.3.13f1/Unity.app/Contents/MacOS/Unity
-adb2
-batchMode
-noUpm
-name
AssetImportWorker0
-projectPath
/Users/tolgafiber/Desktop/Rope Deneme
-logFile
Logs/AssetImportWorker0.log
-srvPort
49348
Successfully changed project path to: /Users/tolgafiber/Desktop/Rope Deneme
/Users/tolgafiber/Desktop/Rope Deneme
Using Asset Import Pipeline V2.
Refreshing native plugins compatible for Editor in 25.16 ms, found 2 plugins.
Preloading 0 native plugins for Editor in 0.00 ms.
Initialize engine version: 2020.3.13f1 (71691879b7f5)
[Subsystems] Discovering subsystems at path /Applications/Unity/Hub/Editor/2020.3.13f1/Unity.app/Contents/Resources/UnitySubsystems
[Subsystems] Discovering subsystems at path /Users/tolgafiber/Desktop/Rope Deneme/Assets
GfxDevice: creating device client; threaded=0
2021-10-04 09:54:02.751 Unity[1089:15032] Color LCD preferred device: AMD Radeon Pro 5300M (high power)
2021-10-04 09:54:02.751 Unity[1089:15032] Metal devices available: 2
2021-10-04 09:54:02.751 Unity[1089:15032] 0: AMD Radeon Pro 5300M (high power)
2021-10-04 09:54:02.751 Unity[1089:15032] 1: Intel(R) UHD Graphics 630 (low power)
2021-10-04 09:54:02.752 Unity[1089:15032] Using device AMD Radeon Pro 5300M (high power)
Initializing Metal device caps: AMD Radeon Pro 5300M
Initialize mono
Mono path[0] = '/Applications/Unity/Hub/Editor/2020.3.13f1/Unity.app/Contents/Managed'
Mono path[1] = '/Applications/Unity/Hub/Editor/2020.3.13f1/Unity.app/Contents/MonoBleedingEdge/lib/mono/unityjit'
Mono config path = '/Applications/Unity/Hub/Editor/2020.3.13f1/Unity.app/Contents/MonoBleedingEdge/etc'
Using monoOptions --debugger-agent=transport=dt_socket,embedding=1,server=y,suspend=n,address=127.0.0.1:56089
Begin MonoManager ReloadAssembly
Registering precompiled unity dll's ...
Register platform support module: /Applications/Unity/Hub/Editor/2020.3.13f1/Unity.app/Contents/PlaybackEngines/MacStandaloneSupport/UnityEditor.OSXStandalone.Extensions.dll
Registered in 0.000489 seconds.
Native extension for OSXStandalone target not found
Refreshing native plugins compatible for Editor in 24.02 ms, found 2 plugins.
Preloading 0 native plugins for Editor in 0.00 ms.
Mono: successfully reloaded assembly
- Completed reload, in  2.676 seconds
Platform modules already initialized, skipping
Registering precompiled user dll's ...
Registered in 0.001370 seconds.
Begin MonoManager ReloadAssembly
Native extension for OSXStandalone target not found
Refreshing native plugins compatible for Editor in 0.26 ms, found 2 plugins.
Preloading 0 native plugins for Editor in 0.00 ms.
Mono: successfully reloaded assembly
- Completed reload, in  1.068 seconds
Platform modules already initialized, skipping
========================================================================
Worker process is ready to serve import requests
Launching external process: /Applications/Unity/Hub/Editor/2020.3.13f1/Unity.app/Contents/Tools/UnityShaderCompiler
Launched and connected shader compiler UnityShaderCompiler after 0.01 seconds
Refreshing native plugins compatible for Editor in 0.26 ms, found 2 plugins.
Preloading 0 native plugins for Editor in 0.00 ms.
Unloading 1405 Unused Serialized files (Serialized files now loaded: 0)
System memory in use before: 140.7 MB.
System memory in use after: 140.7 MB.

Unloading 19 unused Assets to reduce memory usage. Loaded Objects now: 1839.
Total: 1.683402 ms (FindLiveObjects: 0.125601 ms CreateObjectMapping: 0.037104 ms MarkObjects: 1.453341 ms  DeleteObjects: 0.066784 ms)

AssetImportParameters requested are different than current active one (requested -> active):
  custom:video-decoder-ogg-theora: a1e56fd34408186e4bbccfd4996cb3dc -> 
  custom:container-muxer-webm: aa71ff27fc2769a1b78a27578f13a17b -> 
  custom:container-demuxer-webm: 4f35f7cbe854078d1ac9338744f61a02 -> 
  custom:container-demuxer-ogg: 62fdf1f143b41e24485cea50d1cbac27 -> 
  custom:video-encoder-webm-vp8: eb34c28f22e8b96e1ab97ce403110664 -> 
  custom:framework-osx-AVFoundation: e770b220cccbd017edd2c1fefb359320 -> 
  custom:video-decoder-webm-vp8: 9c59270c3fd7afecdb556c50c9e8de78 -> 
  custom:audio-decoder-ogg-vorbis: bf7c407c2cedff20999df2af8eb42d56 -> 
  custom:audio-encoder-webm-vorbis: bf7c407c2cedff20999df2af8eb42d56 -> 
========================================================================
Received Import Request.
  path: Assets/RopeColliderAndSizeAdjuster.cs
  artifactKey: Guid(d388ec62ebed34dae8eda346620021db) Importer(815301076,1909f56bfc062723c751e8b465ee728b)
Start importing Assets/RopeColliderAndSizeAdjuster.cs using Guid(d388ec62ebed34dae8eda346620021db) Importer(815301076,1909f56bfc062723c751e8b465ee728b)  -> (artifact id: 'b026ceacd1e9e0bc346c41667e70d29a') in 2.905968 seconds 
  Import took 2.907897 seconds .

========================================================================
Received Import Request.
  Time since last request: 0.000236 seconds.
  path: Assets/RopeManager.cs
  artifactKey: Guid(ff917e34b483f409bb480019fd7fa764) Importer(815301076,1909f56bfc062723c751e8b465ee728b)
Start importing Assets/RopeManager.cs using Guid(ff917e34b483f409bb480019fd7fa764) Importer(815301076,1909f56bfc062723c751e8b465ee728b)  -> (artifact id: 'aa1c168f0b7fb1a528c490a2bbdc4057') in 0.002569 seconds 
  Import took 0.004086 seconds .

AssetImportWorkerClient::OnTransportError - code=2 error=End of file
